-------------------------------------------------------------------------------
Test set: Login page feature
-------------------------------------------------------------------------------
Tests run: 3, Failures: 1, Errors: 0, Skipped: 0, Time elapsed: 68.551 s <<< FAILURE! - in Login page feature
Login page title(Login page feature)  Time elapsed: 39.216 s  <<< FAILURE!
junit.framework.AssertionFailedError

